<?xml version="1.0" encoding="UTF-8"?>
<!-- Generated by org.testng.reporters.JUnitReportReporter -->
<testsuite hostname="ws-lizogub" name="solidOptionGroupId.solidOptionArtifactId.SmokeTest" tests="1" failures="0" timestamp="27 Oct 2015 11:48:42 GMT" time="0.726" errors="0">
  <testcase name="SimpleRegistration" time="0.726" classname="solidOptionGroupId.solidOptionArtifactId.SmokeTest"/>
</testsuite> <!-- solidOptionGroupId.solidOptionArtifactId.SmokeTest -->
