<?xml version="1.0" encoding="UTF-8"?>
<!-- Generated by org.testng.reporters.JUnitReportReporter -->
<testsuite hostname="ws-lizogub" name="solidOptionGroupId.solidOptionArtifactId.SimpleTest" tests="1" failures="0" timestamp="30 Oct 2015 09:14:25 GMT" time="5.847" errors="0">
  <testcase name="SimpleRegistration" time="5.847" classname="solidOptionGroupId.solidOptionArtifactId.SimpleTest"/>
</testsuite> <!-- solidOptionGroupId.solidOptionArtifactId.SimpleTest -->
