<?xml version="1.0" encoding="UTF-8"?>
<!-- Generated by org.testng.reporters.JUnitReportReporter -->
<testsuite hostname="ws-lizogub" name="solidOptionGroupId.solidOptionArtifactId.SimpleTest" tests="1" failures="0" timestamp="27 Oct 2015 12:12:04 GMT" time="5.759" errors="0">
  <testcase name="SimpleRegistration" time="5.759" classname="solidOptionGroupId.solidOptionArtifactId.SimpleTest"/>
</testsuite> <!-- solidOptionGroupId.solidOptionArtifactId.SimpleTest -->
