<?xml version="1.0" encoding="UTF-8"?>
<!-- Generated by org.testng.reporters.JUnitReportReporter -->
<testsuite hostname="ws-lizogub" name="solidOptionGroupId.solidOptionArtifactId.SmokeTest" tests="1" failures="0" timestamp="27 Oct 2015 10:44:26 GMT" time="1.052" errors="0">
  <testcase name="SimpleRegistration" time="1.052" classname="solidOptionGroupId.solidOptionArtifactId.SmokeTest"/>
</testsuite> <!-- solidOptionGroupId.solidOptionArtifactId.SmokeTest -->
